[0908/165433.954:ERROR:process_reader_win.cc(123)] NtOpenThread: {Eriþim Yok} Bir iþlem bir nesneye eriþmek istedi, ancak istediði eriþimin haklarý kendisine verilmiþ deðil. (0xc0000022)
[0908/165433.956:ERROR:exception_snapshot_win.cc(99)] thread ID 12856 not found in process
[0908/165433.958:ERROR:process_reader_win.cc(123)] NtOpenThread: {Eriþim Yok} Bir iþlem bir nesneye eriþmek istedi, ancak istediði eriþimin haklarý kendisine verilmiþ deðil. (0xc0000022)
[0908/165433.959:ERROR:exception_snapshot_win.cc(99)] thread ID 9936 not found in process
[0908/165433.962:ERROR:process_reader_win.cc(123)] NtOpenThread: {Eriþim Yok} Bir iþlem bir nesneye eriþmek istedi, ancak istediði eriþimin haklarý kendisine verilmiþ deðil. (0xc0000022)
[0908/165433.963:ERROR:exception_snapshot_win.cc(99)] thread ID 7120 not found in process
[0908/165433.966:ERROR:process_reader_win.cc(151)] SuspendThread: Eriþim engellendi. (0x5)
[0908/165433.966:ERROR:process_reader_win.cc(123)] NtOpenThread: {Eriþim Yok} Bir iþlem bir nesneye eriþmek istedi, ancak istediði eriþimin haklarý kendisine verilmiþ deðil. (0xc0000022)
[0908/165433.967:ERROR:exception_snapshot_win.cc(99)] thread ID 13080 not found in process
[0908/165433.967:ERROR:process_reader_win.cc(123)] NtOpenThread: {Eriþim Yok} Bir iþlem bir nesneye eriþmek istedi, ancak istediði eriþimin haklarý kendisine verilmiþ deðil. (0xc0000022)
[0908/165433.967:ERROR:exception_snapshot_win.cc(99)] thread ID 17356 not found in process
[0908/165433.977:ERROR:process_reader_win.cc(151)] SuspendThread: Eriþim engellendi. (0x5)
[0908/165433.977:ERROR:process_reader_win.cc(123)] NtOpenThread: {Eriþim Yok} Bir iþlem bir nesneye eriþmek istedi, ancak istediði eriþimin haklarý kendisine verilmiþ deðil. (0xc0000022)
[0908/165433.978:ERROR:exception_snapshot_win.cc(99)] thread ID 18760 not found in process
[0908/165433.980:ERROR:process_reader_win.cc(151)] SuspendThread: Eriþim engellendi. (0x5)
[0908/165433.980:ERROR:process_reader_win.cc(151)] SuspendThread: Eriþim engellendi. (0x5)
[0908/165433.980:ERROR:process_reader_win.cc(151)] SuspendThread: Eriþim engellendi. (0x5)
[0908/165433.980:ERROR:process_reader_win.cc(151)] SuspendThread: Eriþim engellendi. (0x5)
[0908/165433.981:ERROR:process_reader_win.cc(151)] SuspendThread: Eriþim engellendi. (0x5)
[0908/165433.981:ERROR:process_reader_win.cc(151)] SuspendThread: Eriþim engellendi. (0x5)
[0908/165433.981:ERROR:process_reader_win.cc(151)] SuspendThread: Eriþim engellendi. (0x5)
[0908/165433.981:ERROR:process_reader_win.cc(123)] NtOpenThread: {Eriþim Yok} Bir iþlem bir nesneye eriþmek istedi, ancak istediði eriþimin haklarý kendisine verilmiþ deðil. (0xc0000022)
[0908/165433.981:ERROR:exception_snapshot_win.cc(99)] thread ID 17260 not found in process
[0908/165433.983:ERROR:process_reader_win.cc(151)] SuspendThread: Eriþim engellendi. (0x5)
[0908/165433.984:ERROR:process_reader_win.cc(151)] SuspendThread: Eriþim engellendi. (0x5)
[0908/165433.984:ERROR:process_reader_win.cc(123)] NtOpenThread: {Eriþim Yok} Bir iþlem bir nesneye eriþmek istedi, ancak istediði eriþimin haklarý kendisine verilmiþ deðil. (0xc0000022)
[0908/165433.984:ERROR:exception_snapshot_win.cc(99)] thread ID 15952 not found in process
[0908/165433.986:ERROR:process_reader_win.cc(151)] SuspendThread: Eriþim engellendi. (0x5)
[0908/165433.986:ERROR:process_reader_win.cc(151)] SuspendThread: Eriþim engellendi. (0x5)
[0908/165433.986:ERROR:process_reader_win.cc(123)] NtOpenThread: {Eriþim Yok} Bir iþlem bir nesneye eriþmek istedi, ancak istediði eriþimin haklarý kendisine verilmiþ deðil. (0xc0000022)
[0908/165433.987:ERROR:exception_snapshot_win.cc(99)] thread ID 14644 not found in process
[0908/165433.995:ERROR:process_reader_win.cc(123)] NtOpenThread: {Eriþim Yok} Bir iþlem bir nesneye eriþmek istedi, ancak istediði eriþimin haklarý kendisine verilmiþ deðil. (0xc0000022)
[0908/165433.996:ERROR:exception_snapshot_win.cc(99)] thread ID 5424 not found in process
[0908/165433.996:ERROR:process_reader_win.cc(151)] SuspendThread: Eriþim engellendi. (0x5)
[0908/165433.996:ERROR:process_reader_win.cc(151)] SuspendThread: Eriþim engellendi. (0x5)
[0908/165433.996:ERROR:process_reader_win.cc(123)] NtOpenThread: {Eriþim Yok} Bir iþlem bir nesneye eriþmek istedi, ancak istediði eriþimin haklarý kendisine verilmiþ deðil. (0xc0000022)
[0908/165433.996:ERROR:exception_snapshot_win.cc(99)] thread ID 23928 not found in process
[0908/165433.999:ERROR:process_reader_win.cc(151)] SuspendThread: Eriþim engellendi. (0x5)
[0908/165433.999:ERROR:process_reader_win.cc(151)] SuspendThread: Eriþim engellendi. (0x5)
[0908/165433.999:ERROR:process_reader_win.cc(151)] SuspendThread: Eriþim engellendi. (0x5)
[0908/165433.999:ERROR:process_reader_win.cc(123)] NtOpenThread: {Eriþim Yok} Bir iþlem bir nesneye eriþmek istedi, ancak istediði eriþimin haklarý kendisine verilmiþ deðil. (0xc0000022)
[0908/165433.999:ERROR:exception_snapshot_win.cc(99)] thread ID 10904 not found in process
[0908/165434.004:ERROR:process_reader_win.cc(123)] NtOpenThread: {Eriþim Yok} Bir iþlem bir nesneye eriþmek istedi, ancak istediði eriþimin haklarý kendisine verilmiþ deðil. (0xc0000022)
[0908/165434.004:ERROR:exception_snapshot_win.cc(99)] thread ID 22400 not found in process
[0908/165434.004:ERROR:process_reader_win.cc(151)] SuspendThread: Eriþim engellendi. (0x5)
[0908/165434.005:ERROR:process_reader_win.cc(123)] NtOpenThread: {Eriþim Yok} Bir iþlem bir nesneye eriþmek istedi, ancak istediði eriþimin haklarý kendisine verilmiþ deðil. (0xc0000022)
[0908/165434.005:ERROR:exception_snapshot_win.cc(99)] thread ID 1472 not found in process
[0908/165434.005:ERROR:process_reader_win.cc(151)] SuspendThread: Eriþim engellendi. (0x5)
[0908/165434.005:ERROR:process_reader_win.cc(151)] SuspendThread: Eriþim engellendi. (0x5)
[0908/165434.005:ERROR:process_reader_win.cc(123)] NtOpenThread: {Eriþim Yok} Bir iþlem bir nesneye eriþmek istedi, ancak istediði eriþimin haklarý kendisine verilmiþ deðil. (0xc0000022)
[0908/165434.005:ERROR:exception_snapshot_win.cc(99)] thread ID 10564 not found in process
[0908/165434.005:ERROR:process_reader_win.cc(151)] SuspendThread: Eriþim engellendi. (0x5)
[0908/165434.006:ERROR:process_reader_win.cc(151)] SuspendThread: Eriþim engellendi. (0x5)
[0908/165434.006:ERROR:process_reader_win.cc(123)] NtOpenThread: {Eriþim Yok} Bir iþlem bir nesneye eriþmek istedi, ancak istediði eriþimin haklarý kendisine verilmiþ deðil. (0xc0000022)
[0908/165434.006:ERROR:exception_snapshot_win.cc(99)] thread ID 7312 not found in process
[0908/165434.015:ERROR:process_reader_win.cc(123)] NtOpenThread: {Eriþim Yok} Bir iþlem bir nesneye eriþmek istedi, ancak istediði eriþimin haklarý kendisine verilmiþ deðil. (0xc0000022)
[0908/165434.016:ERROR:exception_snapshot_win.cc(99)] thread ID 11276 not found in process
[0908/165434.063:ERROR:process_reader_win.cc(151)] SuspendThread: Eriþim engellendi. (0x5)
[0908/165434.063:ERROR:process_reader_win.cc(151)] SuspendThread: Eriþim engellendi. (0x5)
[0908/165434.063:ERROR:process_reader_win.cc(123)] NtOpenThread: {Eriþim Yok} Bir iþlem bir nesneye eriþmek istedi, ancak istediði eriþimin haklarý kendisine verilmiþ deðil. (0xc0000022)
[0908/165434.063:ERROR:exception_snapshot_win.cc(99)] thread ID 2436 not found in process
[0908/165434.074:ERROR:process_reader_win.cc(151)] SuspendThread: Eriþim engellendi. (0x5)
[0908/165434.074:ERROR:process_reader_win.cc(151)] SuspendThread: Eriþim engellendi. (0x5)
[0908/165434.074:ERROR:process_reader_win.cc(123)] NtOpenThread: {Eriþim Yok} Bir iþlem bir nesneye eriþmek istedi, ancak istediði eriþimin haklarý kendisine verilmiþ deðil. (0xc0000022)
[0908/165434.075:ERROR:exception_snapshot_win.cc(99)] thread ID 14544 not found in process
[0908/165434.077:ERROR:process_reader_win.cc(151)] SuspendThread: Eriþim engellendi. (0x5)
[0908/165434.077:ERROR:process_reader_win.cc(151)] SuspendThread: Eriþim engellendi. (0x5)
[0908/165434.077:ERROR:process_reader_win.cc(123)] NtOpenThread: {Eriþim Yok} Bir iþlem bir nesneye eriþmek istedi, ancak istediði eriþimin haklarý kendisine verilmiþ deðil. (0xc0000022)
[0908/165434.077:ERROR:exception_snapshot_win.cc(99)] thread ID 20348 not found in process
[0908/174440.704:ERROR:process_reader_win.cc(123)] NtOpenThread: {Eriþim Yok} Bir iþlem bir nesneye eriþmek istedi, ancak istediði eriþimin haklarý kendisine verilmiþ deðil. (0xc0000022)
[0908/174440.707:ERROR:exception_snapshot_win.cc(99)] thread ID 2804 not found in process
[0908/174440.706:ERROR:process_reader_win.cc(123)] NtOpenThread: {Eriþim Yok} Bir iþlem bir nesneye eriþmek istedi, ancak istediði eriþimin haklarý kendisine verilmiþ deðil. (0xc0000022)
[0908/174440.708:ERROR:exception_snapshot_win.cc(99)] thread ID 10076 not found in process
[0908/174440.716:ERROR:process_reader_win.cc(151)] SuspendThread: Eriþim engellendi. (0x5)
[0908/174440.717:ERROR:process_reader_win.cc(151)] SuspendThread: Eriþim engellendi. (0x5)
[0908/174440.717:ERROR:process_reader_win.cc(151)] SuspendThread: Eriþim engellendi. (0x5)
[0908/174440.717:ERROR:process_reader_win.cc(123)] NtOpenThread: {Eriþim Yok} Bir iþlem bir nesneye eriþmek istedi, ancak istediði eriþimin haklarý kendisine verilmiþ deðil. (0xc0000022)
[0908/174440.717:ERROR:exception_snapshot_win.cc(99)] thread ID 13336 not found in process
[0908/174440.719:ERROR:process_reader_win.cc(123)] NtOpenThread: {Eriþim Yok} Bir iþlem bir nesneye eriþmek istedi, ancak istediði eriþimin haklarý kendisine verilmiþ deðil. (0xc0000022)
[0908/174440.720:ERROR:exception_snapshot_win.cc(99)] thread ID 21456 not found in process
[0908/174440.723:ERROR:process_reader_win.cc(123)] NtOpenThread: {Eriþim Yok} Bir iþlem bir nesneye eriþmek istedi, ancak istediði eriþimin haklarý kendisine verilmiþ deðil. (0xc0000022)
[0908/174440.725:ERROR:exception_snapshot_win.cc(99)] thread ID 16552 not found in process
[0908/174440.731:ERROR:process_reader_win.cc(151)] SuspendThread: Eriþim engellendi. (0x5)
[0908/174440.731:ERROR:process_reader_win.cc(151)] SuspendThread: Eriþim engellendi. (0x5)
[0908/174440.732:ERROR:process_reader_win.cc(151)] SuspendThread: Eriþim engellendi. (0x5)
[0908/174440.732:ERROR:process_reader_win.cc(123)] NtOpenThread: {Eriþim Yok} Bir iþlem bir nesneye eriþmek istedi, ancak istediði eriþimin haklarý kendisine verilmiþ deðil. (0xc0000022)
[0908/174440.732:ERROR:exception_snapshot_win.cc(99)] thread ID 10508 not found in process
[0908/174440.732:ERROR:process_reader_win.cc(123)] NtOpenThread: {Eriþim Yok} Bir iþlem bir nesneye eriþmek istedi, ancak istediði eriþimin haklarý kendisine verilmiþ deðil. (0xc0000022)
[0908/174440.732:ERROR:exception_snapshot_win.cc(99)] thread ID 18192 not found in process
[0908/174440.737:ERROR:process_reader_win.cc(151)] SuspendThread: Eriþim engellendi. (0x5)
[0908/174440.737:ERROR:process_reader_win.cc(151)] SuspendThread: Eriþim engellendi. (0x5)
[0908/174440.737:ERROR:process_reader_win.cc(151)] SuspendThread: Eriþim engellendi. (0x5)
[0908/174440.737:ERROR:process_reader_win.cc(123)] NtOpenThread: {Eriþim Yok} Bir iþlem bir nesneye eriþmek istedi, ancak istediði eriþimin haklarý kendisine verilmiþ deðil. (0xc0000022)
[0908/174440.737:ERROR:exception_snapshot_win.cc(99)] thread ID 22748 not found in process
[0908/174440.737:ERROR:process_reader_win.cc(123)] NtOpenThread: {Eriþim Yok} Bir iþlem bir nesneye eriþmek istedi, ancak istediði eriþimin haklarý kendisine verilmiþ deðil. (0xc0000022)
[0908/174440.738:ERROR:exception_snapshot_win.cc(99)] thread ID 22824 not found in process
[0908/174440.744:ERROR:process_reader_win.cc(151)] SuspendThread: Eriþim engellendi. (0x5)
[0908/174440.745:ERROR:process_reader_win.cc(123)] NtOpenThread: {Eriþim Yok} Bir iþlem bir nesneye eriþmek istedi, ancak istediði eriþimin haklarý kendisine verilmiþ deðil. (0xc0000022)
[0908/174440.745:ERROR:exception_snapshot_win.cc(99)] thread ID 7616 not found in process
[0908/174440.762:ERROR:process_reader_win.cc(123)] NtOpenThread: {Eriþim Yok} Bir iþlem bir nesneye eriþmek istedi, ancak istediði eriþimin haklarý kendisine verilmiþ deðil. (0xc0000022)
[0908/174440.763:ERROR:exception_snapshot_win.cc(99)] thread ID 5504 not found in process
[0908/174440.807:ERROR:process_reader_win.cc(151)] SuspendThread: Eriþim engellendi. (0x5)
[0908/174440.807:ERROR:process_reader_win.cc(123)] NtOpenThread: {Eriþim Yok} Bir iþlem bir nesneye eriþmek istedi, ancak istediði eriþimin haklarý kendisine verilmiþ deðil. (0xc0000022)
[0908/174440.807:ERROR:exception_snapshot_win.cc(99)] thread ID 1272 not found in process
[0908/174440.808:ERROR:process_reader_win.cc(151)] SuspendThread: Eriþim engellendi. (0x5)
[0908/174440.808:ERROR:process_reader_win.cc(123)] NtOpenThread: {Eriþim Yok} Bir iþlem bir nesneye eriþmek istedi, ancak istediði eriþimin haklarý kendisine verilmiþ deðil. (0xc0000022)
[0908/174440.808:ERROR:exception_snapshot_win.cc(99)] thread ID 17044 not found in process
[0908/174440.811:ERROR:process_reader_win.cc(123)] NtOpenThread: {Eriþim Yok} Bir iþlem bir nesneye eriþmek istedi, ancak istediði eriþimin haklarý kendisine verilmiþ deðil. (0xc0000022)
[0908/174440.811:ERROR:exception_snapshot_win.cc(99)] thread ID 7472 not found in process
[0908/174440.817:ERROR:process_reader_win.cc(123)] NtOpenThread: {Eriþim Yok} Bir iþlem bir nesneye eriþmek istedi, ancak istediði eriþimin haklarý kendisine verilmiþ deðil. (0xc0000022)
[0908/174440.817:ERROR:exception_snapshot_win.cc(99)] thread ID 9844 not found in process
[0908/174440.807:ERROR:process_reader_win.cc(123)] NtOpenThread: {Eriþim Yok} Bir iþlem bir nesneye eriþmek istedi, ancak istediði eriþimin haklarý kendisine verilmiþ deðil. (0xc0000022)
[0908/174440.821:ERROR:exception_snapshot_win.cc(99)] thread ID 12912 not found in process
[0908/174440.830:ERROR:process_reader_win.cc(151)] SuspendThread: Eriþim engellendi. (0x5)
[0908/174440.830:ERROR:process_reader_win.cc(123)] NtOpenThread: {Eriþim Yok} Bir iþlem bir nesneye eriþmek istedi, ancak istediði eriþimin haklarý kendisine verilmiþ deðil. (0xc0000022)
[0908/174440.830:ERROR:process_reader_win.cc(123)] NtOpenThread: {Eriþim Yok} Bir iþlem bir nesneye eriþmek istedi, ancak istediði eriþimin haklarý kendisine verilmiþ deðil. (0xc0000022)
[0908/174440.830:ERROR:exception_snapshot_win.cc(99)] thread ID 6364 not found in process
[0908/174440.830:ERROR:exception_snapshot_win.cc(99)] thread ID 4736 not found in process
[0908/174440.841:ERROR:process_reader_win.cc(151)] SuspendThread: Eriþim engellendi. (0x5)
[0908/174440.841:ERROR:process_reader_win.cc(151)] SuspendThread: Eriþim engellendi. (0x5)
[0908/174440.841:ERROR:process_reader_win.cc(151)] SuspendThread: Eriþim engellendi. (0x5)
[0908/174440.841:ERROR:process_reader_win.cc(123)] NtOpenThread: {Eriþim Yok} Bir iþlem bir nesneye eriþmek istedi, ancak istediði eriþimin haklarý kendisine verilmiþ deðil. (0xc0000022)
[0908/174440.841:ERROR:exception_snapshot_win.cc(99)] thread ID 5264 not found in process
[0908/174440.855:ERROR:process_reader_win.cc(123)] NtOpenThread: {Eriþim Yok} Bir iþlem bir nesneye eriþmek istedi, ancak istediði eriþimin haklarý kendisine verilmiþ deðil. (0xc0000022)
[0908/174440.855:ERROR:exception_snapshot_win.cc(99)] thread ID 20412 not found in process
[0908/174440.856:ERROR:process_reader_win.cc(123)] NtOpenThread: {Eriþim Yok} Bir iþlem bir nesneye eriþmek istedi, ancak istediði eriþimin haklarý kendisine verilmiþ deðil. (0xc0000022)
[0908/174440.857:ERROR:process_reader_win.cc(151)] SuspendThread: Eriþim engellendi. (0x5)
[0908/174440.857:ERROR:exception_snapshot_win.cc(99)] thread ID 15692 not found in process
[0908/174440.857:ERROR:process_reader_win.cc(151)] SuspendThread: Eriþim engellendi. (0x5)
[0908/174440.857:ERROR:process_reader_win.cc(123)] NtOpenThread: {Eriþim Yok} Bir iþlem bir nesneye eriþmek istedi, ancak istediði eriþimin haklarý kendisine verilmiþ deðil. (0xc0000022)
[0908/174440.857:ERROR:exception_snapshot_win.cc(99)] thread ID 23428 not found in process
[0908/185712.624:ERROR:process_reader_win.cc(123)] NtOpenThread: {Eriþim Yok} Bir iþlem bir nesneye eriþmek istedi, ancak istediði eriþimin haklarý kendisine verilmiþ deðil. (0xc0000022)
[0908/185712.626:ERROR:exception_snapshot_win.cc(99)] thread ID 22244 not found in process
[0908/185712.640:ERROR:process_reader_win.cc(123)] NtOpenThread: {Eriþim Yok} Bir iþlem bir nesneye eriþmek istedi, ancak istediði eriþimin haklarý kendisine verilmiþ deðil. (0xc0000022)
[0908/185712.641:ERROR:exception_snapshot_win.cc(99)] thread ID 17984 not found in process
[0908/185712.642:ERROR:process_reader_win.cc(151)] SuspendThread: Eriþim engellendi. (0x5)
[0908/185712.643:ERROR:process_reader_win.cc(123)] NtOpenThread: {Eriþim Yok} Bir iþlem bir nesneye eriþmek istedi, ancak istediði eriþimin haklarý kendisine verilmiþ deðil. (0xc0000022)
[0908/185712.643:ERROR:exception_snapshot_win.cc(99)] thread ID 24448 not found in process
[0908/185712.624:ERROR:process_reader_win.cc(123)] NtOpenThread: {Eriþim Yok} Bir iþlem bir nesneye eriþmek istedi, ancak istediði eriþimin haklarý kendisine verilmiþ deðil. (0xc0000022)
[0908/185712.644:ERROR:exception_snapshot_win.cc(99)] thread ID 6436 not found in process
[0908/185712.646:ERROR:process_reader_win.cc(123)] NtOpenThread: {Eriþim Yok} Bir iþlem bir nesneye eriþmek istedi, ancak istediði eriþimin haklarý kendisine verilmiþ deðil. (0xc0000022)
[0908/185712.647:ERROR:exception_snapshot_win.cc(99)] thread ID 12804 not found in process
[0908/185712.651:ERROR:process_reader_win.cc(151)] SuspendThread: Eriþim engellendi. (0x5)
[0908/185712.651:ERROR:process_reader_win.cc(123)] NtOpenThread: {Eriþim Yok} Bir iþlem bir nesneye eriþmek istedi, ancak istediði eriþimin haklarý kendisine verilmiþ deðil. (0xc0000022)
[0908/185712.651:ERROR:exception_snapshot_win.cc(99)] thread ID 19356 not found in process
[0908/185712.651:ERROR:process_reader_win.cc(151)] SuspendThread: Eriþim engellendi. (0x5)
[0908/185712.652:ERROR:process_reader_win.cc(151)] SuspendThread: Eriþim engellendi. (0x5)
[0908/185712.652:ERROR:process_reader_win.cc(151)] SuspendThread: Eriþim engellendi. (0x5)
[0908/185712.652:ERROR:process_reader_win.cc(151)] SuspendThread: Eriþim engellendi. (0x5)
[0908/185712.652:ERROR:process_reader_win.cc(151)] SuspendThread: Eriþim engellendi. (0x5)
[0908/185712.652:ERROR:process_reader_win.cc(151)] SuspendThread: Eriþim engellendi. (0x5)
[0908/185712.652:ERROR:process_reader_win.cc(151)] SuspendThread: Eriþim engellendi. (0x5)
[0908/185712.652:ERROR:process_reader_win.cc(151)] SuspendThread: Eriþim engellendi. (0x5)
[0908/185712.652:ERROR:process_reader_win.cc(151)] SuspendThread: Eriþim engellendi. (0x5)
[0908/185712.652:ERROR:process_reader_win.cc(151)] SuspendThread: Eriþim engellendi. (0x5)
[0908/185712.652:ERROR:process_reader_win.cc(151)] SuspendThread: Eriþim engellendi. (0x5)
[0908/185712.652:ERROR:process_reader_win.cc(151)] SuspendThread: Eriþim engellendi. (0x5)
[0908/185712.652:ERROR:process_reader_win.cc(151)] SuspendThread: Eriþim engellendi. (0x5)
[0908/185712.652:ERROR:process_reader_win.cc(123)] NtOpenThread: {Eriþim Yok} Bir iþlem bir nesneye eriþmek istedi, ancak istediði eriþimin haklarý kendisine verilmiþ deðil. (0xc0000022)
[0908/185712.652:ERROR:exception_snapshot_win.cc(99)] thread ID 16152 not found in process
[0908/185712.657:ERROR:process_reader_win.cc(123)] NtOpenThread: {Eriþim Yok} Bir iþlem bir nesneye eriþmek istedi, ancak istediði eriþimin haklarý kendisine verilmiþ deðil. (0xc0000022)
[0908/185712.658:ERROR:exception_snapshot_win.cc(99)] thread ID 9460 not found in process
[0908/185712.660:ERROR:process_reader_win.cc(151)] SuspendThread: Eriþim engellendi. (0x5)
[0908/185712.661:ERROR:process_reader_win.cc(151)] SuspendThread: Eriþim engellendi. (0x5)
[0908/185712.661:ERROR:process_reader_win.cc(123)] NtOpenThread: {Eriþim Yok} Bir iþlem bir nesneye eriþmek istedi, ancak istediði eriþimin haklarý kendisine verilmiþ deðil. (0xc0000022)
[0908/185712.661:ERROR:exception_snapshot_win.cc(99)] thread ID 18776 not found in process
[0908/185712.679:ERROR:process_reader_win.cc(123)] NtOpenThread: {Eriþim Yok} Bir iþlem bir nesneye eriþmek istedi, ancak istediði eriþimin haklarý kendisine verilmiþ deðil. (0xc0000022)
[0908/185712.681:ERROR:exception_snapshot_win.cc(99)] thread ID 5784 not found in process
[0908/185712.706:ERROR:process_reader_win.cc(123)] NtOpenThread: {Eriþim Yok} Bir iþlem bir nesneye eriþmek istedi, ancak istediði eriþimin haklarý kendisine verilmiþ deðil. (0xc0000022)
[0908/185712.706:ERROR:exception_snapshot_win.cc(99)] thread ID 14656 not found in process
[0908/185712.717:ERROR:process_reader_win.cc(151)] SuspendThread: Eriþim engellendi. (0x5)
[0908/185712.717:ERROR:process_reader_win.cc(151)] SuspendThread: Eriþim engellendi. (0x5)
[0908/185712.717:ERROR:process_reader_win.cc(151)] SuspendThread: Eriþim engellendi. (0x5)
[0908/185712.717:ERROR:process_reader_win.cc(123)] NtOpenThread: {Eriþim Yok} Bir iþlem bir nesneye eriþmek istedi, ancak istediði eriþimin haklarý kendisine verilmiþ deðil. (0xc0000022)
[0908/185712.717:ERROR:exception_snapshot_win.cc(99)] thread ID 21016 not found in process
[0908/185712.722:ERROR:process_reader_win.cc(151)] SuspendThread: Eriþim engellendi. (0x5)
[0908/185712.722:ERROR:process_reader_win.cc(151)] SuspendThread: Eriþim engellendi. (0x5)
[0908/185712.722:ERROR:process_reader_win.cc(123)] NtOpenThread: {Eriþim Yok} Bir iþlem bir nesneye eriþmek istedi, ancak istediði eriþimin haklarý kendisine verilmiþ deðil. (0xc0000022)
[0908/185712.722:ERROR:exception_snapshot_win.cc(99)] thread ID 10284 not found in process
[0908/185712.732:ERROR:process_reader_win.cc(151)] SuspendThread: Eriþim engellendi. (0x5)
[0908/185712.732:ERROR:process_reader_win.cc(151)] SuspendThread: Eriþim engellendi. (0x5)
[0908/185712.732:ERROR:process_reader_win.cc(151)] SuspendThread: Eriþim engellendi. (0x5)
[0908/185712.732:ERROR:process_reader_win.cc(123)] NtOpenThread: {Eriþim Yok} Bir iþlem bir nesneye eriþmek istedi, ancak istediði eriþimin haklarý kendisine verilmiþ deðil. (0xc0000022)
[0908/185712.732:ERROR:exception_snapshot_win.cc(99)] thread ID 1536 not found in process
[0908/190053.541:ERROR:process_reader_win.cc(123)] NtOpenThread: {Eriþim Yok} Bir iþlem bir nesneye eriþmek istedi, ancak istediði eriþimin haklarý kendisine verilmiþ deðil. (0xc0000022)
[0908/190053.542:ERROR:exception_snapshot_win.cc(99)] thread ID 19584 not found in process
[0908/190053.545:ERROR:process_reader_win.cc(123)] NtOpenThread: {Eriþim Yok} Bir iþlem bir nesneye eriþmek istedi, ancak istediði eriþimin haklarý kendisine verilmiþ deðil. (0xc0000022)
[0908/190053.546:ERROR:exception_snapshot_win.cc(99)] thread ID 14640 not found in process
[0908/190053.563:ERROR:process_reader_win.cc(123)] NtOpenThread: {Eriþim Yok} Bir iþlem bir nesneye eriþmek istedi, ancak istediði eriþimin haklarý kendisine verilmiþ deðil. (0xc0000022)
[0908/190053.563:ERROR:exception_snapshot_win.cc(99)] thread ID 5420 not found in process
[0908/190053.571:ERROR:process_reader_win.cc(123)] NtOpenThread: {Eriþim Yok} Bir iþlem bir nesneye eriþmek istedi, ancak istediði eriþimin haklarý kendisine verilmiþ deðil. (0xc0000022)
[0908/190053.571:ERROR:exception_snapshot_win.cc(99)] thread ID 16344 not found in process
[0909/001704.060:ERROR:process_reader_win.cc(123)] NtOpenThread: Geçersiz bir Ýstemci Kimliði belirtildi. (0xc000000b)
[0909/001704.056:ERROR:process_reader_win.cc(123)] NtOpenThread: {Eriþim Yok} Bir iþlem bir nesneye eriþmek istedi, ancak istediði eriþimin haklarý kendisine verilmiþ deðil. (0xc0000022)
[0909/001704.051:ERROR:process_reader_win.cc(123)] NtOpenThread: {Eriþim Yok} Bir iþlem bir nesneye eriþmek istedi, ancak istediði eriþimin haklarý kendisine verilmiþ deðil. (0xc0000022)
[0909/001704.067:ERROR:exception_snapshot_win.cc(99)] thread ID 13876 not found in process
[0909/001704.067:ERROR:exception_snapshot_win.cc(99)] thread ID 6224 not found in process
[0909/001704.067:ERROR:process_reader_win.cc(151)] SuspendThread: Eriþim engellendi. (0x5)
[0909/001704.067:ERROR:process_reader_win.cc(151)] SuspendThread: Eriþim engellendi. (0x5)
[0909/001704.067:ERROR:process_reader_win.cc(151)] SuspendThread: Eriþim engellendi. (0x5)
[0909/001704.067:ERROR:process_reader_win.cc(123)] NtOpenThread: {Eriþim Yok} Bir iþlem bir nesneye eriþmek istedi, ancak istediði eriþimin haklarý kendisine verilmiþ deðil. (0xc0000022)
[0909/001704.067:ERROR:exception_snapshot_win.cc(99)] thread ID 18540 not found in process
[0909/001704.070:ERROR:process_reader_win.cc(151)] SuspendThread: Eriþim engellendi. (0x5)
[0909/001704.071:ERROR:process_reader_win.cc(123)] NtOpenThread: {Eriþim Yok} Bir iþlem bir nesneye eriþmek istedi, ancak istediði eriþimin haklarý kendisine verilmiþ deðil. (0xc0000022)
[0909/001704.072:ERROR:exception_snapshot_win.cc(99)] thread ID 12256 not found in process
[0909/001704.078:ERROR:process_reader_win.cc(151)] SuspendThread: Eriþim engellendi. (0x5)
[0909/001704.079:ERROR:process_reader_win.cc(151)] SuspendThread: Eriþim engellendi. (0x5)
[0909/001704.079:ERROR:process_reader_win.cc(123)] NtOpenThread: {Eriþim Yok} Bir iþlem bir nesneye eriþmek istedi, ancak istediði eriþimin haklarý kendisine verilmiþ deðil. (0xc0000022)
[0909/001704.080:ERROR:exception_snapshot_win.cc(99)] thread ID 20632 not found in process
[0909/001704.088:ERROR:process_reader_win.cc(151)] SuspendThread: Eriþim engellendi. (0x5)
[0909/001704.088:ERROR:process_reader_win.cc(151)] SuspendThread: Eriþim engellendi. (0x5)
[0909/001704.088:ERROR:process_reader_win.cc(123)] NtOpenThread: {Eriþim Yok} Bir iþlem bir nesneye eriþmek istedi, ancak istediði eriþimin haklarý kendisine verilmiþ deðil. (0xc0000022)
[0909/001704.088:ERROR:exception_snapshot_win.cc(99)] thread ID 8976 not found in process
[0909/001704.089:ERROR:process_reader_win.cc(151)] SuspendThread: Eriþim engellendi. (0x5)
[0909/001704.089:ERROR:process_reader_win.cc(151)] SuspendThread: Eriþim engellendi. (0x5)
[0909/001704.089:ERROR:process_reader_win.cc(151)] SuspendThread: Eriþim engellendi. (0x5)
[0909/001704.090:ERROR:process_reader_win.cc(151)] SuspendThread: Eriþim engellendi. (0x5)
[0909/001704.090:ERROR:process_reader_win.cc(123)] NtOpenThread: {Eriþim Yok} Bir iþlem bir nesneye eriþmek istedi, ancak istediði eriþimin haklarý kendisine verilmiþ deðil. (0xc0000022)
[0909/001704.090:ERROR:exception_snapshot_win.cc(99)] thread ID 12720 not found in process
[0909/001704.094:ERROR:process_reader_win.cc(151)] SuspendThread: Eriþim engellendi. (0x5)
[0909/001704.094:ERROR:process_reader_win.cc(151)] SuspendThread: Eriþim engellendi. (0x5)
[0909/001704.094:ERROR:process_reader_win.cc(151)] SuspendThread: Eriþim engellendi. (0x5)
[0909/001704.094:ERROR:process_reader_win.cc(123)] NtOpenThread: {Eriþim Yok} Bir iþlem bir nesneye eriþmek istedi, ancak istediði eriþimin haklarý kendisine verilmiþ deðil. (0xc0000022)
[0909/001704.094:ERROR:exception_snapshot_win.cc(99)] thread ID 1040 not found in process
[0909/001704.096:ERROR:process_reader_win.cc(151)] SuspendThread: Eriþim engellendi. (0x5)
[0909/001704.097:ERROR:process_reader_win.cc(151)] SuspendThread: Eriþim engellendi. (0x5)
[0909/001704.097:ERROR:process_reader_win.cc(123)] NtOpenThread: {Eriþim Yok} Bir iþlem bir nesneye eriþmek istedi, ancak istediði eriþimin haklarý kendisine verilmiþ deðil. (0xc0000022)
[0909/001704.097:ERROR:exception_snapshot_win.cc(99)] thread ID 8468 not found in process
[0909/001704.100:ERROR:process_reader_win.cc(151)] SuspendThread: Eriþim engellendi. (0x5)
[0909/001704.100:ERROR:process_reader_win.cc(151)] SuspendThread: Eriþim engellendi. (0x5)
[0909/001704.100:ERROR:process_reader_win.cc(151)] SuspendThread: Eriþim engellendi. (0x5)
[0909/001704.100:ERROR:process_reader_win.cc(123)] NtOpenThread: {Eriþim Yok} Bir iþlem bir nesneye eriþmek istedi, ancak istediði eriþimin haklarý kendisine verilmiþ deðil. (0xc0000022)
[0909/001704.100:ERROR:exception_snapshot_win.cc(99)] thread ID 4776 not found in process
[0909/001704.118:ERROR:process_reader_win.cc(123)] NtOpenThread: {Eriþim Yok} Bir iþlem bir nesneye eriþmek istedi, ancak istediði eriþimin haklarý kendisine verilmiþ deðil. (0xc0000022)
[0909/001704.118:ERROR:exception_snapshot_win.cc(99)] thread ID 2560 not found in process
[0909/001704.125:ERROR:process_reader_win.cc(123)] NtOpenThread: {Eriþim Yok} Bir iþlem bir nesneye eriþmek istedi, ancak istediði eriþimin haklarý kendisine verilmiþ deðil. (0xc0000022)
[0909/001704.125:ERROR:exception_snapshot_win.cc(99)] thread ID 19168 not found in process
[0909/013448.873:ERROR:process_reader_win.cc(123)] NtOpenThread: {Eriþim Yok} Bir iþlem bir nesneye eriþmek istedi, ancak istediði eriþimin haklarý kendisine verilmiþ deðil. (0xc0000022)
[0909/013448.875:ERROR:exception_snapshot_win.cc(99)] thread ID 12104 not found in process
[0909/013448.924:ERROR:process_reader_win.cc(123)] NtOpenThread: {Eriþim Yok} Bir iþlem bir nesneye eriþmek istedi, ancak istediði eriþimin haklarý kendisine verilmiþ deðil. (0xc0000022)
[0909/013448.924:ERROR:exception_snapshot_win.cc(99)] thread ID 7340 not found in process
[0909/013453.917:ERROR:process_info.cc(329)] VirtualQueryEx: Eriþim engellendi. (0x5)
[0909/013453.917:ERROR:process_info.cc(556)] ReadMemoryInfo failed
[0909/013453.917:ERROR:process_memory_win.cc(39)] Failed to initialize ProcessInfo.
[0909/013453.917:ERROR:scoped_process_suspend.cc(40)] NtResumeProcess: Sona ermekte olan bir iþleme eriþmeye çalýþýldý. (0xc000010a)
[0909/013453.949:ERROR:process_reader_win.cc(123)] NtOpenThread: {Eriþim Yok} Bir iþlem bir nesneye eriþmek istedi, ancak istediði eriþimin haklarý kendisine verilmiþ deðil. (0xc0000022)
[0909/013453.949:ERROR:exception_snapshot_win.cc(99)] thread ID 23220 not found in process
[0912/111652.345:ERROR:process_reader_win.cc(123)] NtOpenThread: {Eriþim Yok} Bir iþlem bir nesneye eriþmek istedi, ancak istediði eriþimin haklarý kendisine verilmiþ deðil. (0xc0000022)
[0912/111652.353:ERROR:exception_snapshot_win.cc(99)] thread ID 15680 not found in process
[0912/111652.396:ERROR:process_reader_win.cc(123)] NtOpenThread: {Eriþim Yok} Bir iþlem bir nesneye eriþmek istedi, ancak istediði eriþimin haklarý kendisine verilmiþ deðil. (0xc0000022)
[0912/111652.396:ERROR:exception_snapshot_win.cc(99)] thread ID 2324 not found in process
[0912/182238.529:ERROR:process_reader_win.cc(123)] NtOpenThread: {Eriþim Yok} Bir iþlem bir nesneye eriþmek istedi, ancak istediði eriþimin haklarý kendisine verilmiþ deðil. (0xc0000022)
[0912/182238.530:ERROR:exception_snapshot_win.cc(99)] thread ID 12720 not found in process
[0912/182238.562:ERROR:process_reader_win.cc(123)] NtOpenThread: {Eriþim Yok} Bir iþlem bir nesneye eriþmek istedi, ancak istediði eriþimin haklarý kendisine verilmiþ deðil. (0xc0000022)
[0912/182238.562:ERROR:exception_snapshot_win.cc(99)] thread ID 6680 not found in process
